<?xml version="1.0" encoding="UTF-8"?>
<testng-results ignored="0" total="1" passed="1" failed="0" skipped="0">
  <reporter-output>
  </reporter-output>
  <suite started-at="2022-09-30T23:27:31 IST" name="Default suite" finished-at="2022-09-30T23:29:42 IST" duration-ms="130770">
    <groups>
    </groups>
    <test started-at="2022-09-30T23:27:31 IST" name="Default test" finished-at="2022-09-30T23:29:42 IST" duration-ms="130770">
      <class name="tests.TS_GoogleSearch">
        <test-method is-config="true" signature="setup()[pri:0, instance:tests.TS_GoogleSearch@e350b40]" started-at="2022-09-30T23:27:31 IST" name="setup" finished-at="2022-09-30T23:28:58 IST" duration-ms="86558" status="PASS">
          <reporter-output>
          </reporter-output>
        </test-method> <!-- setup -->
        <test-method signature="tc_001_GoogleSerch()[pri:0, instance:tests.TS_GoogleSearch@e350b40]" started-at="2022-09-30T23:28:58 IST" name="tc_001_GoogleSerch" finished-at="2022-09-30T23:29:33 IST" duration-ms="34611" status="PASS">
          <reporter-output>
          </reporter-output>
        </test-method> <!-- tc_001_GoogleSerch -->
        <test-method is-config="true" signature="tearDown()[pri:0, instance:tests.TS_GoogleSearch@e350b40]" started-at="2022-09-30T23:29:33 IST" name="tearDown" finished-at="2022-09-30T23:29:42 IST" duration-ms="8977" status="PASS">
          <reporter-output>
          </reporter-output>
        </test-method> <!-- tearDown -->
      </class> <!-- tests.TS_GoogleSearch -->
    </test> <!-- Default test -->
  </suite> <!-- Default suite -->
</testng-results>
